<?xml version="1.0" encoding="UTF-8"?>
<testsuite xmlns:xsi="http://www.w3.org/2001/XMLSchema-instance" xsi:noNamespaceSchemaLocation="https://maven.apache.org/surefire/maven-surefire-plugin/xsd/surefire-test-report-3.0.xsd" version="3.0" name="TestSuite" time="99.037" tests="3" errors="0" skipped="0" failures="0">
  <properties>
    <property name="gopherProxySet" value="false"/>
    <property name="awt.toolkit" value="sun.lwawt.macosx.LWCToolkit"/>
    <property name="http.proxyHost" value="127.0.0.1"/>
    <property name="java.specification.version" value="11"/>
    <property name="webdriver.chrome.driver" value="/Users/mohitgulati/.cache/selenium/chromedriver/mac64/110.0.5481.77/chromedriver"/>
    <property name="sun.cpu.isalist" value=""/>
    <property name="sun.jnu.encoding" value="UTF-8"/>
    <property name="java.class.path" value="/Users/mohitgulati/eclipse-workspace/Tour_Radar_UI/target/test-classes:/Users/mohitgulati/eclipse-workspace/Tour_Radar_UI/target/classes:/Users/mohitgulati/.m2/repository/org/slf4j/slf4j-simple/1.7.30/slf4j-simple-1.7.30.jar:/Users/mohitgulati/.m2/repository/org/slf4j/slf4j-api/1.7.30/slf4j-api-1.7.30.jar:/Users/mohitgulati/.m2/repository/org/apache/commons/commons-lang3/3.12.0/commons-lang3-3.12.0.jar:/Users/mohitgulati/.m2/repository/commons-io/commons-io/2.10.0/commons-io-2.10.0.jar:/Users/mohitgulati/.m2/repository/commons-validator/commons-validator/1.7/commons-validator-1.7.jar:/Users/mohitgulati/.m2/repository/commons-beanutils/commons-beanutils/1.9.4/commons-beanutils-1.9.4.jar:/Users/mohitgulati/.m2/repository/commons-digester/commons-digester/2.1/commons-digester-2.1.jar:/Users/mohitgulati/.m2/repository/commons-logging/commons-logging/1.2/commons-logging-1.2.jar:/Users/mohitgulati/.m2/repository/commons-collections/commons-collections/3.2.2/commons-collections-3.2.2.jar:/Users/mohitgulati/.m2/repository/io/github/bonigarcia/webdrivermanager/5.3.1/webdrivermanager-5.3.1.jar:/Users/mohitgulati/.m2/repository/com/google/code/gson/gson/2.10/gson-2.10.jar:/Users/mohitgulati/.m2/repository/com/github/docker-java/docker-java/3.2.13/docker-java-3.2.13.jar:/Users/mohitgulati/.m2/repository/com/github/docker-java/docker-java-core/3.2.13/docker-java-core-3.2.13.jar:/Users/mohitgulati/.m2/repository/com/github/docker-java/docker-java-api/3.2.13/docker-java-api-3.2.13.jar:/Users/mohitgulati/.m2/repository/com/fasterxml/jackson/core/jackson-annotations/2.10.3/jackson-annotations-2.10.3.jar:/Users/mohitgulati/.m2/repository/com/fasterxml/jackson/core/jackson-databind/2.10.3/jackson-databind-2.10.3.jar:/Users/mohitgulati/.m2/repository/com/fasterxml/jackson/core/jackson-core/2.10.3/jackson-core-2.10.3.jar:/Users/mohitgulati/.m2/repository/org/bouncycastle/bcpkix-jdk15on/1.64/bcpkix-jdk15on-1.64.jar:/Users/mohitgulati/.m2/repository/org/bouncycastle/bcprov-jdk15on/1.64/bcprov-jdk15on-1.64.jar:/Users/mohitgulati/.m2/repository/org/slf4j/jcl-over-slf4j/1.7.30/jcl-over-slf4j-1.7.30.jar:/Users/mohitgulati/.m2/repository/com/github/docker-java/docker-java-transport-httpclient5/3.2.13/docker-java-transport-httpclient5-3.2.13.jar:/Users/mohitgulati/.m2/repository/com/github/docker-java/docker-java-transport/3.2.13/docker-java-transport-3.2.13.jar:/Users/mohitgulati/.m2/repository/net/java/dev/jna/jna/5.8.0/jna-5.8.0.jar:/Users/mohitgulati/.m2/repository/org/brotli/dec/0.1.2/dec-0.1.2.jar:/Users/mohitgulati/.m2/repository/org/apache/httpcomponents/client5/httpclient5/5.1.3/httpclient5-5.1.3.jar:/Users/mohitgulati/.m2/repository/org/apache/httpcomponents/core5/httpcore5/5.1.3/httpcore5-5.1.3.jar:/Users/mohitgulati/.m2/repository/org/apache/httpcomponents/core5/httpcore5-h2/5.1.3/httpcore5-h2-5.1.3.jar:/Users/mohitgulati/.m2/repository/commons-codec/commons-codec/1.15/commons-codec-1.15.jar:/Users/mohitgulati/.m2/repository/org/testng/testng/7.7.0/testng-7.7.0.jar:/Users/mohitgulati/.m2/repository/com/beust/jcommander/1.82/jcommander-1.82.jar:/Users/mohitgulati/.m2/repository/org/webjars/jquery/3.6.1/jquery-3.6.1.jar:/Users/mohitgulati/.m2/repository/org/seleniumhq/selenium/selenium-java/4.7.2/selenium-java-4.7.2.jar:/Users/mohitgulati/.m2/repository/org/seleniumhq/selenium/selenium-api/4.7.2/selenium-api-4.7.2.jar:/Users/mohitgulati/.m2/repository/org/seleniumhq/selenium/selenium-chrome-driver/4.7.2/selenium-chrome-driver-4.7.2.jar:/Users/mohitgulati/.m2/repository/com/google/auto/service/auto-service-annotations/1.0.1/auto-service-annotations-1.0.1.jar:/Users/mohitgulati/.m2/repository/com/google/auto/service/auto-service/1.0.1/auto-service-1.0.1.jar:/Users/mohitgulati/.m2/repository/com/google/auto/auto-common/1.2/auto-common-1.2.jar:/Users/mohitgulati/.m2/repository/com/google/guava/guava/31.1-jre/guava-31.1-jre.jar:/Users/mohitgulati/.m2/repository/com/google/guava/failureaccess/1.0.1/failureaccess-1.0.1.jar:/Users/mohitgulati/.m2/repository/com/google/guava/listenablefuture/9999.0-empty-to-avoid-conflict-with-guava/listenablefuture-9999.0-empty-to-avoid-conflict-with-guava.jar:/Users/mohitgulati/.m2/repository/com/google/code/findbugs/jsr305/3.0.2/jsr305-3.0.2.jar:/Users/mohitgulati/.m2/repository/org/checkerframework/checker-qual/3.12.0/checker-qual-3.12.0.jar:/Users/mohitgulati/.m2/repository/com/google/errorprone/error_prone_annotations/2.11.0/error_prone_annotations-2.11.0.jar:/Users/mohitgulati/.m2/repository/com/google/j2objc/j2objc-annotations/1.3/j2objc-annotations-1.3.jar:/Users/mohitgulati/.m2/repository/org/seleniumhq/selenium/selenium-chromium-driver/4.7.2/selenium-chromium-driver-4.7.2.jar:/Users/mohitgulati/.m2/repository/org/seleniumhq/selenium/selenium-json/4.7.2/selenium-json-4.7.2.jar:/Users/mohitgulati/.m2/repository/org/seleniumhq/selenium/selenium-devtools-v106/4.7.2/selenium-devtools-v106-4.7.2.jar:/Users/mohitgulati/.m2/repository/org/seleniumhq/selenium/selenium-devtools-v107/4.7.2/selenium-devtools-v107-4.7.2.jar:/Users/mohitgulati/.m2/repository/org/seleniumhq/selenium/selenium-devtools-v108/4.7.2/selenium-devtools-v108-4.7.2.jar:/Users/mohitgulati/.m2/repository/org/seleniumhq/selenium/selenium-devtools-v85/4.7.2/selenium-devtools-v85-4.7.2.jar:/Users/mohitgulati/.m2/repository/org/seleniumhq/selenium/selenium-edge-driver/4.7.2/selenium-edge-driver-4.7.2.jar:/Users/mohitgulati/.m2/repository/org/seleniumhq/selenium/selenium-firefox-driver/4.7.2/selenium-firefox-driver-4.7.2.jar:/Users/mohitgulati/.m2/repository/org/seleniumhq/selenium/selenium-http/4.7.2/selenium-http-4.7.2.jar:/Users/mohitgulati/.m2/repository/dev/failsafe/failsafe/3.3.0/failsafe-3.3.0.jar:/Users/mohitgulati/.m2/repository/org/seleniumhq/selenium/selenium-ie-driver/4.7.2/selenium-ie-driver-4.7.2.jar:/Users/mohitgulati/.m2/repository/org/seleniumhq/selenium/selenium-remote-driver/4.7.2/selenium-remote-driver-4.7.2.jar:/Users/mohitgulati/.m2/repository/io/netty/netty-buffer/4.1.84.Final/netty-buffer-4.1.84.Final.jar:/Users/mohitgulati/.m2/repository/io/netty/netty-codec-http/4.1.84.Final/netty-codec-http-4.1.84.Final.jar:/Users/mohitgulati/.m2/repository/io/netty/netty-codec/4.1.84.Final/netty-codec-4.1.84.Final.jar:/Users/mohitgulati/.m2/repository/io/netty/netty-handler/4.1.84.Final/netty-handler-4.1.84.Final.jar:/Users/mohitgulati/.m2/repository/io/netty/netty-common/4.1.84.Final/netty-common-4.1.84.Final.jar:/Users/mohitgulati/.m2/repository/io/netty/netty-transport-classes-epoll/4.1.84.Final/netty-transport-classes-epoll-4.1.84.Final.jar:/Users/mohitgulati/.m2/repository/io/netty/netty-transport-classes-kqueue/4.1.84.Final/netty-transport-classes-kqueue-4.1.84.Final.jar:/Users/mohitgulati/.m2/repository/io/netty/netty-transport-native-epoll/4.1.84.Final/netty-transport-native-epoll-4.1.84.Final.jar:/Users/mohitgulati/.m2/repository/io/netty/netty-transport-native-kqueue/4.1.84.Final/netty-transport-native-kqueue-4.1.84.Final.jar:/Users/mohitgulati/.m2/repository/io/netty/netty-transport-native-unix-common/4.1.84.Final/netty-transport-native-unix-common-4.1.84.Final.jar:/Users/mohitgulati/.m2/repository/io/netty/netty-transport/4.1.84.Final/netty-transport-4.1.84.Final.jar:/Users/mohitgulati/.m2/repository/io/netty/netty-resolver/4.1.84.Final/netty-resolver-4.1.84.Final.jar:/Users/mohitgulati/.m2/repository/io/opentelemetry/opentelemetry-api/1.19.0/opentelemetry-api-1.19.0.jar:/Users/mohitgulati/.m2/repository/io/opentelemetry/opentelemetry-context/1.19.0/opentelemetry-context-1.19.0.jar:/Users/mohitgulati/.m2/repository/io/opentelemetry/opentelemetry-exporter-logging/1.19.0/opentelemetry-exporter-logging-1.19.0.jar:/Users/mohitgulati/.m2/repository/io/opentelemetry/opentelemetry-sdk-metrics/1.19.0/opentelemetry-sdk-metrics-1.19.0.jar:/Users/mohitgulati/.m2/repository/io/opentelemetry/opentelemetry-sdk-logs/1.19.0-alpha/opentelemetry-sdk-logs-1.19.0-alpha.jar:/Users/mohitgulati/.m2/repository/io/opentelemetry/opentelemetry-api-logs/1.19.0-alpha/opentelemetry-api-logs-1.19.0-alpha.jar:/Users/mohitgulati/.m2/repository/io/opentelemetry/opentelemetry-sdk-common/1.19.0/opentelemetry-sdk-common-1.19.0.jar:/Users/mohitgulati/.m2/repository/io/opentelemetry/opentelemetry-sdk-extension-autoconfigure-spi/1.19.0/opentelemetry-sdk-extension-autoconfigure-spi-1.19.0.jar:/Users/mohitgulati/.m2/repository/io/opentelemetry/opentelemetry-sdk-extension-autoconfigure/1.19.0-alpha/opentelemetry-sdk-extension-autoconfigure-1.19.0-alpha.jar:/Users/mohitgulati/.m2/repository/io/opentelemetry/opentelemetry-exporter-common/1.19.0/opentelemetry-exporter-common-1.19.0.jar:/Users/mohitgulati/.m2/repository/io/opentelemetry/opentelemetry-sdk-trace/1.19.0/opentelemetry-sdk-trace-1.19.0.jar:/Users/mohitgulati/.m2/repository/io/opentelemetry/opentelemetry-sdk/1.19.0/opentelemetry-sdk-1.19.0.jar:/Users/mohitgulati/.m2/repository/io/opentelemetry/opentelemetry-semconv/1.19.0-alpha/opentelemetry-semconv-1.19.0-alpha.jar:/Users/mohitgulati/.m2/repository/io/ous/jtoml/2.0.0/jtoml-2.0.0.jar:/Users/mohitgulati/.m2/repository/net/bytebuddy/byte-buddy/1.12.18/byte-buddy-1.12.18.jar:/Users/mohitgulati/.m2/repository/org/apache/commons/commons-exec/1.3/commons-exec-1.3.jar:/Users/mohitgulati/.m2/repository/org/asynchttpclient/async-http-client/2.12.3/async-http-client-2.12.3.jar:/Users/mohitgulati/.m2/repository/org/asynchttpclient/async-http-client-netty-utils/2.12.3/async-http-client-netty-utils-2.12.3.jar:/Users/mohitgulati/.m2/repository/io/netty/netty-codec-socks/4.1.60.Final/netty-codec-socks-4.1.60.Final.jar:/Users/mohitgulati/.m2/repository/io/netty/netty-handler-proxy/4.1.60.Final/netty-handler-proxy-4.1.60.Final.jar:/Users/mohitgulati/.m2/repository/io/netty/netty-transport-native-epoll/4.1.60.Final/netty-transport-native-epoll-4.1.60.Final-linux-x86_64.jar:/Users/mohitgulati/.m2/repository/io/netty/netty-transport-native-kqueue/4.1.60.Final/netty-transport-native-kqueue-4.1.60.Final-osx-x86_64.jar:/Users/mohitgulati/.m2/repository/org/reactivestreams/reactive-streams/1.0.3/reactive-streams-1.0.3.jar:/Users/mohitgulati/.m2/repository/com/typesafe/netty/netty-reactive-streams/2.0.4/netty-reactive-streams-2.0.4.jar:/Users/mohitgulati/.m2/repository/com/sun/activation/jakarta.activation/1.2.2/jakarta.activation-1.2.2.jar:/Users/mohitgulati/.m2/repository/org/seleniumhq/selenium/selenium-manager/4.7.2/selenium-manager-4.7.2.jar:/Users/mohitgulati/.m2/repository/org/seleniumhq/selenium/selenium-safari-driver/4.7.2/selenium-safari-driver-4.7.2.jar:/Users/mohitgulati/.m2/repository/org/seleniumhq/selenium/selenium-support/4.7.2/selenium-support-4.7.2.jar:/Users/mohitgulati/.m2/repository/com/aventstack/extentreports/4.0.0/extentreports-4.0.0.jar:/Users/mohitgulati/.m2/repository/org/freemarker/freemarker/2.3.23/freemarker-2.3.23.jar:/Users/mohitgulati/.m2/repository/org/mongodb/mongodb-driver/3.3.0/mongodb-driver-3.3.0.jar:/Users/mohitgulati/.m2/repository/org/mongodb/mongodb-driver-core/3.3.0/mongodb-driver-core-3.3.0.jar:/Users/mohitgulati/.m2/repository/org/mongodb/bson/3.3.0/bson-3.3.0.jar:/Users/mohitgulati/.m2/repository/org/apache/httpcomponents/httpclient/4.5.2/httpclient-4.5.2.jar:/Users/mohitgulati/.m2/repository/org/apache/httpcomponents/httpcore/4.4.4/httpcore-4.4.4.jar:/Users/mohitgulati/.m2/repository/org/apache/httpcomponents/httpmime/4.5.2/httpmime-4.5.2.jar:/Users/mohitgulati/.m2/repository/org/apache/logging/log4j/log4j-core/2.14.1/log4j-core-2.14.1.jar:/Users/mohitgulati/.m2/repository/org/apache/logging/log4j/log4j-api/2.14.1/log4j-api-2.14.1.jar:/Users/mohitgulati/.m2/repository/org/apache/poi/poi-ooxml/5.2.3/poi-ooxml-5.2.3.jar:/Users/mohitgulati/.m2/repository/org/apache/poi/poi/5.2.3/poi-5.2.3.jar:/Users/mohitgulati/.m2/repository/org/apache/commons/commons-math3/3.6.1/commons-math3-3.6.1.jar:/Users/mohitgulati/.m2/repository/com/zaxxer/SparseBitSet/1.2/SparseBitSet-1.2.jar:/Users/mohitgulati/.m2/repository/org/apache/poi/poi-ooxml-lite/5.2.3/poi-ooxml-lite-5.2.3.jar:/Users/mohitgulati/.m2/repository/org/apache/xmlbeans/xmlbeans/5.1.1/xmlbeans-5.1.1.jar:/Users/mohitgulati/.m2/repository/org/apache/commons/commons-compress/1.21/commons-compress-1.21.jar:/Users/mohitgulati/.m2/repository/com/github/virtuald/curvesapi/1.07/curvesapi-1.07.jar:/Users/mohitgulati/.m2/repository/org/apache/commons/commons-collections4/4.4/commons-collections4-4.4.jar:"/>
    <property name="java.vm.vendor" value="Oracle Corporation"/>
    <property name="sun.arch.data.model" value="64"/>
    <property name="java.vendor.url" value="https://openjdk.java.net/"/>
    <property name="user.timezone" value="Europe/Berlin"/>
    <property name="java.vm.specification.version" value="11"/>
    <property name="os.name" value="Mac OS X"/>
    <property name="sun.java.launcher" value="SUN_STANDARD"/>
    <property name="user.country" value="DE"/>
    <property name="sun.boot.library.path" value="/Library/Java/JavaVirtualMachines/jdk-11.0.15.1.jdk/Contents/Home/lib"/>
    <property name="sun.java.command" value="/Users/mohitgulati/eclipse-workspace/Tour_Radar_UI/target/surefire/surefirebooter1524188037231485896.jar /Users/mohitgulati/eclipse-workspace/Tour_Radar_UI/target/surefire 2023-02-16T22-26-04_291-jvmRun1 surefire435445548473863117tmp surefire_015421223025979454431tmp"/>
    <property name="http.nonProxyHosts" value="local|*.local|169.254/16|*.169.254/16"/>
    <property name="jdk.debug" value="release"/>
    <property name="surefire.test.class.path" value="/Users/mohitgulati/eclipse-workspace/Tour_Radar_UI/target/test-classes:/Users/mohitgulati/eclipse-workspace/Tour_Radar_UI/target/classes:/Users/mohitgulati/.m2/repository/org/slf4j/slf4j-simple/1.7.30/slf4j-simple-1.7.30.jar:/Users/mohitgulati/.m2/repository/org/slf4j/slf4j-api/1.7.30/slf4j-api-1.7.30.jar:/Users/mohitgulati/.m2/repository/org/apache/commons/commons-lang3/3.12.0/commons-lang3-3.12.0.jar:/Users/mohitgulati/.m2/repository/commons-io/commons-io/2.10.0/commons-io-2.10.0.jar:/Users/mohitgulati/.m2/repository/commons-validator/commons-validator/1.7/commons-validator-1.7.jar:/Users/mohitgulati/.m2/repository/commons-beanutils/commons-beanutils/1.9.4/commons-beanutils-1.9.4.jar:/Users/mohitgulati/.m2/repository/commons-digester/commons-digester/2.1/commons-digester-2.1.jar:/Users/mohitgulati/.m2/repository/commons-logging/commons-logging/1.2/commons-logging-1.2.jar:/Users/mohitgulati/.m2/repository/commons-collections/commons-collections/3.2.2/commons-collections-3.2.2.jar:/Users/mohitgulati/.m2/repository/io/github/bonigarcia/webdrivermanager/5.3.1/webdrivermanager-5.3.1.jar:/Users/mohitgulati/.m2/repository/com/google/code/gson/gson/2.10/gson-2.10.jar:/Users/mohitgulati/.m2/repository/com/github/docker-java/docker-java/3.2.13/docker-java-3.2.13.jar:/Users/mohitgulati/.m2/repository/com/github/docker-java/docker-java-core/3.2.13/docker-java-core-3.2.13.jar:/Users/mohitgulati/.m2/repository/com/github/docker-java/docker-java-api/3.2.13/docker-java-api-3.2.13.jar:/Users/mohitgulati/.m2/repository/com/fasterxml/jackson/core/jackson-annotations/2.10.3/jackson-annotations-2.10.3.jar:/Users/mohitgulati/.m2/repository/com/fasterxml/jackson/core/jackson-databind/2.10.3/jackson-databind-2.10.3.jar:/Users/mohitgulati/.m2/repository/com/fasterxml/jackson/core/jackson-core/2.10.3/jackson-core-2.10.3.jar:/Users/mohitgulati/.m2/repository/org/bouncycastle/bcpkix-jdk15on/1.64/bcpkix-jdk15on-1.64.jar:/Users/mohitgulati/.m2/repository/org/bouncycastle/bcprov-jdk15on/1.64/bcprov-jdk15on-1.64.jar:/Users/mohitgulati/.m2/repository/org/slf4j/jcl-over-slf4j/1.7.30/jcl-over-slf4j-1.7.30.jar:/Users/mohitgulati/.m2/repository/com/github/docker-java/docker-java-transport-httpclient5/3.2.13/docker-java-transport-httpclient5-3.2.13.jar:/Users/mohitgulati/.m2/repository/com/github/docker-java/docker-java-transport/3.2.13/docker-java-transport-3.2.13.jar:/Users/mohitgulati/.m2/repository/net/java/dev/jna/jna/5.8.0/jna-5.8.0.jar:/Users/mohitgulati/.m2/repository/org/brotli/dec/0.1.2/dec-0.1.2.jar:/Users/mohitgulati/.m2/repository/org/apache/httpcomponents/client5/httpclient5/5.1.3/httpclient5-5.1.3.jar:/Users/mohitgulati/.m2/repository/org/apache/httpcomponents/core5/httpcore5/5.1.3/httpcore5-5.1.3.jar:/Users/mohitgulati/.m2/repository/org/apache/httpcomponents/core5/httpcore5-h2/5.1.3/httpcore5-h2-5.1.3.jar:/Users/mohitgulati/.m2/repository/commons-codec/commons-codec/1.15/commons-codec-1.15.jar:/Users/mohitgulati/.m2/repository/org/testng/testng/7.7.0/testng-7.7.0.jar:/Users/mohitgulati/.m2/repository/com/beust/jcommander/1.82/jcommander-1.82.jar:/Users/mohitgulati/.m2/repository/org/webjars/jquery/3.6.1/jquery-3.6.1.jar:/Users/mohitgulati/.m2/repository/org/seleniumhq/selenium/selenium-java/4.7.2/selenium-java-4.7.2.jar:/Users/mohitgulati/.m2/repository/org/seleniumhq/selenium/selenium-api/4.7.2/selenium-api-4.7.2.jar:/Users/mohitgulati/.m2/repository/org/seleniumhq/selenium/selenium-chrome-driver/4.7.2/selenium-chrome-driver-4.7.2.jar:/Users/mohitgulati/.m2/repository/com/google/auto/service/auto-service-annotations/1.0.1/auto-service-annotations-1.0.1.jar:/Users/mohitgulati/.m2/repository/com/google/auto/service/auto-service/1.0.1/auto-service-1.0.1.jar:/Users/mohitgulati/.m2/repository/com/google/auto/auto-common/1.2/auto-common-1.2.jar:/Users/mohitgulati/.m2/repository/com/google/guava/guava/31.1-jre/guava-31.1-jre.jar:/Users/mohitgulati/.m2/repository/com/google/guava/failureaccess/1.0.1/failureaccess-1.0.1.jar:/Users/mohitgulati/.m2/repository/com/google/guava/listenablefuture/9999.0-empty-to-avoid-conflict-with-guava/listenablefuture-9999.0-empty-to-avoid-conflict-with-guava.jar:/Users/mohitgulati/.m2/repository/com/google/code/findbugs/jsr305/3.0.2/jsr305-3.0.2.jar:/Users/mohitgulati/.m2/repository/org/checkerframework/checker-qual/3.12.0/checker-qual-3.12.0.jar:/Users/mohitgulati/.m2/repository/com/google/errorprone/error_prone_annotations/2.11.0/error_prone_annotations-2.11.0.jar:/Users/mohitgulati/.m2/repository/com/google/j2objc/j2objc-annotations/1.3/j2objc-annotations-1.3.jar:/Users/mohitgulati/.m2/repository/org/seleniumhq/selenium/selenium-chromium-driver/4.7.2/selenium-chromium-driver-4.7.2.jar:/Users/mohitgulati/.m2/repository/org/seleniumhq/selenium/selenium-json/4.7.2/selenium-json-4.7.2.jar:/Users/mohitgulati/.m2/repository/org/seleniumhq/selenium/selenium-devtools-v106/4.7.2/selenium-devtools-v106-4.7.2.jar:/Users/mohitgulati/.m2/repository/org/seleniumhq/selenium/selenium-devtools-v107/4.7.2/selenium-devtools-v107-4.7.2.jar:/Users/mohitgulati/.m2/repository/org/seleniumhq/selenium/selenium-devtools-v108/4.7.2/selenium-devtools-v108-4.7.2.jar:/Users/mohitgulati/.m2/repository/org/seleniumhq/selenium/selenium-devtools-v85/4.7.2/selenium-devtools-v85-4.7.2.jar:/Users/mohitgulati/.m2/repository/org/seleniumhq/selenium/selenium-edge-driver/4.7.2/selenium-edge-driver-4.7.2.jar:/Users/mohitgulati/.m2/repository/org/seleniumhq/selenium/selenium-firefox-driver/4.7.2/selenium-firefox-driver-4.7.2.jar:/Users/mohitgulati/.m2/repository/org/seleniumhq/selenium/selenium-http/4.7.2/selenium-http-4.7.2.jar:/Users/mohitgulati/.m2/repository/dev/failsafe/failsafe/3.3.0/failsafe-3.3.0.jar:/Users/mohitgulati/.m2/repository/org/seleniumhq/selenium/selenium-ie-driver/4.7.2/selenium-ie-driver-4.7.2.jar:/Users/mohitgulati/.m2/repository/org/seleniumhq/selenium/selenium-remote-driver/4.7.2/selenium-remote-driver-4.7.2.jar:/Users/mohitgulati/.m2/repository/io/netty/netty-buffer/4.1.84.Final/netty-buffer-4.1.84.Final.jar:/Users/mohitgulati/.m2/repository/io/netty/netty-codec-http/4.1.84.Final/netty-codec-http-4.1.84.Final.jar:/Users/mohitgulati/.m2/repository/io/netty/netty-codec/4.1.84.Final/netty-codec-4.1.84.Final.jar:/Users/mohitgulati/.m2/repository/io/netty/netty-handler/4.1.84.Final/netty-handler-4.1.84.Final.jar:/Users/mohitgulati/.m2/repository/io/netty/netty-common/4.1.84.Final/netty-common-4.1.84.Final.jar:/Users/mohitgulati/.m2/repository/io/netty/netty-transport-classes-epoll/4.1.84.Final/netty-transport-classes-epoll-4.1.84.Final.jar:/Users/mohitgulati/.m2/repository/io/netty/netty-transport-classes-kqueue/4.1.84.Final/netty-transport-classes-kqueue-4.1.84.Final.jar:/Users/mohitgulati/.m2/repository/io/netty/netty-transport-native-epoll/4.1.84.Final/netty-transport-native-epoll-4.1.84.Final.jar:/Users/mohitgulati/.m2/repository/io/netty/netty-transport-native-kqueue/4.1.84.Final/netty-transport-native-kqueue-4.1.84.Final.jar:/Users/mohitgulati/.m2/repository/io/netty/netty-transport-native-unix-common/4.1.84.Final/netty-transport-native-unix-common-4.1.84.Final.jar:/Users/mohitgulati/.m2/repository/io/netty/netty-transport/4.1.84.Final/netty-transport-4.1.84.Final.jar:/Users/mohitgulati/.m2/repository/io/netty/netty-resolver/4.1.84.Final/netty-resolver-4.1.84.Final.jar:/Users/mohitgulati/.m2/repository/io/opentelemetry/opentelemetry-api/1.19.0/opentelemetry-api-1.19.0.jar:/Users/mohitgulati/.m2/repository/io/opentelemetry/opentelemetry-context/1.19.0/opentelemetry-context-1.19.0.jar:/Users/mohitgulati/.m2/repository/io/opentelemetry/opentelemetry-exporter-logging/1.19.0/opentelemetry-exporter-logging-1.19.0.jar:/Users/mohitgulati/.m2/repository/io/opentelemetry/opentelemetry-sdk-metrics/1.19.0/opentelemetry-sdk-metrics-1.19.0.jar:/Users/mohitgulati/.m2/repository/io/opentelemetry/opentelemetry-sdk-logs/1.19.0-alpha/opentelemetry-sdk-logs-1.19.0-alpha.jar:/Users/mohitgulati/.m2/repository/io/opentelemetry/opentelemetry-api-logs/1.19.0-alpha/opentelemetry-api-logs-1.19.0-alpha.jar:/Users/mohitgulati/.m2/repository/io/opentelemetry/opentelemetry-sdk-common/1.19.0/opentelemetry-sdk-common-1.19.0.jar:/Users/mohitgulati/.m2/repository/io/opentelemetry/opentelemetry-sdk-extension-autoconfigure-spi/1.19.0/opentelemetry-sdk-extension-autoconfigure-spi-1.19.0.jar:/Users/mohitgulati/.m2/repository/io/opentelemetry/opentelemetry-sdk-extension-autoconfigure/1.19.0-alpha/opentelemetry-sdk-extension-autoconfigure-1.19.0-alpha.jar:/Users/mohitgulati/.m2/repository/io/opentelemetry/opentelemetry-exporter-common/1.19.0/opentelemetry-exporter-common-1.19.0.jar:/Users/mohitgulati/.m2/repository/io/opentelemetry/opentelemetry-sdk-trace/1.19.0/opentelemetry-sdk-trace-1.19.0.jar:/Users/mohitgulati/.m2/repository/io/opentelemetry/opentelemetry-sdk/1.19.0/opentelemetry-sdk-1.19.0.jar:/Users/mohitgulati/.m2/repository/io/opentelemetry/opentelemetry-semconv/1.19.0-alpha/opentelemetry-semconv-1.19.0-alpha.jar:/Users/mohitgulati/.m2/repository/io/ous/jtoml/2.0.0/jtoml-2.0.0.jar:/Users/mohitgulati/.m2/repository/net/bytebuddy/byte-buddy/1.12.18/byte-buddy-1.12.18.jar:/Users/mohitgulati/.m2/repository/org/apache/commons/commons-exec/1.3/commons-exec-1.3.jar:/Users/mohitgulati/.m2/repository/org/asynchttpclient/async-http-client/2.12.3/async-http-client-2.12.3.jar:/Users/mohitgulati/.m2/repository/org/asynchttpclient/async-http-client-netty-utils/2.12.3/async-http-client-netty-utils-2.12.3.jar:/Users/mohitgulati/.m2/repository/io/netty/netty-codec-socks/4.1.60.Final/netty-codec-socks-4.1.60.Final.jar:/Users/mohitgulati/.m2/repository/io/netty/netty-handler-proxy/4.1.60.Final/netty-handler-proxy-4.1.60.Final.jar:/Users/mohitgulati/.m2/repository/io/netty/netty-transport-native-epoll/4.1.60.Final/netty-transport-native-epoll-4.1.60.Final-linux-x86_64.jar:/Users/mohitgulati/.m2/repository/io/netty/netty-transport-native-kqueue/4.1.60.Final/netty-transport-native-kqueue-4.1.60.Final-osx-x86_64.jar:/Users/mohitgulati/.m2/repository/org/reactivestreams/reactive-streams/1.0.3/reactive-streams-1.0.3.jar:/Users/mohitgulati/.m2/repository/com/typesafe/netty/netty-reactive-streams/2.0.4/netty-reactive-streams-2.0.4.jar:/Users/mohitgulati/.m2/repository/com/sun/activation/jakarta.activation/1.2.2/jakarta.activation-1.2.2.jar:/Users/mohitgulati/.m2/repository/org/seleniumhq/selenium/selenium-manager/4.7.2/selenium-manager-4.7.2.jar:/Users/mohitgulati/.m2/repository/org/seleniumhq/selenium/selenium-safari-driver/4.7.2/selenium-safari-driver-4.7.2.jar:/Users/mohitgulati/.m2/repository/org/seleniumhq/selenium/selenium-support/4.7.2/selenium-support-4.7.2.jar:/Users/mohitgulati/.m2/repository/com/aventstack/extentreports/4.0.0/extentreports-4.0.0.jar:/Users/mohitgulati/.m2/repository/org/freemarker/freemarker/2.3.23/freemarker-2.3.23.jar:/Users/mohitgulati/.m2/repository/org/mongodb/mongodb-driver/3.3.0/mongodb-driver-3.3.0.jar:/Users/mohitgulati/.m2/repository/org/mongodb/mongodb-driver-core/3.3.0/mongodb-driver-core-3.3.0.jar:/Users/mohitgulati/.m2/repository/org/mongodb/bson/3.3.0/bson-3.3.0.jar:/Users/mohitgulati/.m2/repository/org/apache/httpcomponents/httpclient/4.5.2/httpclient-4.5.2.jar:/Users/mohitgulati/.m2/repository/org/apache/httpcomponents/httpcore/4.4.4/httpcore-4.4.4.jar:/Users/mohitgulati/.m2/repository/org/apache/httpcomponents/httpmime/4.5.2/httpmime-4.5.2.jar:/Users/mohitgulati/.m2/repository/org/apache/logging/log4j/log4j-core/2.14.1/log4j-core-2.14.1.jar:/Users/mohitgulati/.m2/repository/org/apache/logging/log4j/log4j-api/2.14.1/log4j-api-2.14.1.jar:/Users/mohitgulati/.m2/repository/org/apache/poi/poi-ooxml/5.2.3/poi-ooxml-5.2.3.jar:/Users/mohitgulati/.m2/repository/org/apache/poi/poi/5.2.3/poi-5.2.3.jar:/Users/mohitgulati/.m2/repository/org/apache/commons/commons-math3/3.6.1/commons-math3-3.6.1.jar:/Users/mohitgulati/.m2/repository/com/zaxxer/SparseBitSet/1.2/SparseBitSet-1.2.jar:/Users/mohitgulati/.m2/repository/org/apache/poi/poi-ooxml-lite/5.2.3/poi-ooxml-lite-5.2.3.jar:/Users/mohitgulati/.m2/repository/org/apache/xmlbeans/xmlbeans/5.1.1/xmlbeans-5.1.1.jar:/Users/mohitgulati/.m2/repository/org/apache/commons/commons-compress/1.21/commons-compress-1.21.jar:/Users/mohitgulati/.m2/repository/com/github/virtuald/curvesapi/1.07/curvesapi-1.07.jar:/Users/mohitgulati/.m2/repository/org/apache/commons/commons-collections4/4.4/commons-collections4-4.4.jar:"/>
    <property name="sun.cpu.endian" value="little"/>
    <property name="user.home" value="/Users/mohitgulati"/>
    <property name="user.language" value="en"/>
    <property name="java.specification.vendor" value="Oracle Corporation"/>
    <property name="java.version.date" value="2022-04-22"/>
    <property name="java.home" value="/Library/Java/JavaVirtualMachines/jdk-11.0.15.1.jdk/Contents/Home"/>
    <property name="file.separator" value="/"/>
    <property name="basedir" value="/Users/mohitgulati/eclipse-workspace/Tour_Radar_UI"/>
    <property name="java.vm.compressedOopsMode" value="Zero based"/>
    <property name="line.separator" value="&#10;"/>
    <property name="java.specification.name" value="Java Platform API Specification"/>
    <property name="java.vm.specification.vendor" value="Oracle Corporation"/>
    <property name="java.awt.graphicsenv" value="sun.awt.CGraphicsEnvironment"/>
    <property name="surefire.real.class.path" value="/Users/mohitgulati/eclipse-workspace/Tour_Radar_UI/target/surefire/surefirebooter1524188037231485896.jar"/>
    <property name="sun.management.compiler" value="HotSpot 64-Bit Tiered Compilers"/>
    <property name="ftp.nonProxyHosts" value="local|*.local|169.254/16|*.169.254/16"/>
    <property name="java.runtime.version" value="11.0.15.1+2-LTS-10"/>
    <property name="user.name" value="mohitgulati"/>
    <property name="path.separator" value=":"/>
    <property name="os.version" value="12.2"/>
    <property name="java.runtime.name" value="Java(TM) SE Runtime Environment"/>
    <property name="file.encoding" value="UTF-8"/>
    <property name="java.vm.name" value="Java HotSpot(TM) 64-Bit Server VM"/>
    <property name="java.vendor.version" value="18.9"/>
    <property name="localRepository" value="/Users/mohitgulati/.m2/repository"/>
    <property name="java.vendor.url.bug" value="https://bugreport.java.com/bugreport/"/>
    <property name="java.io.tmpdir" value="/var/folders/lx/vfdvmzhd7g9_dv4n7wpbyx5r0000gn/T/"/>
    <property name="java.version" value="11.0.15.1"/>
    <property name="user.dir" value="/Users/mohitgulati/eclipse-workspace/Tour_Radar_UI"/>
    <property name="os.arch" value="x86_64"/>
    <property name="java.vm.specification.name" value="Java Virtual Machine Specification"/>
    <property name="java.awt.printerjob" value="sun.lwawt.macosx.CPrinterJob"/>
    <property name="sun.os.patch.level" value="unknown"/>
    <property name="java.library.path" value="/Users/mohitgulati/Library/Java/Extensions:/Library/Java/Extensions:/Network/Library/Java/Extensions:/System/Library/Java/Extensions:/usr/lib/java:."/>
    <property name="java.vendor" value="Oracle Corporation"/>
    <property name="java.vm.info" value="mixed mode"/>
    <property name="java.vm.version" value="11.0.15.1+2-LTS-10"/>
    <property name="sun.io.unicode.encoding" value="UnicodeBig"/>
    <property name="java.class.version" value="55.0"/>
    <property name="socksNonProxyHosts" value="local|*.local|169.254/16|*.169.254/16"/>
    <property name="http.proxyPort" value="8080"/>
  </properties>
  <testcase name="TC1" classname="regressionTestcases.UI_TC1_Filters" time="11.383">
    <system-out><![CDATA[3 filters applied
Departs in March 2023
no of tours is 14
max tour length should be 10
10
10
10
8
9
10
no of tours is 3
max tour length should be 10
9
10
9
no of tours is 3
Spain, France, Switzerland, Italy
Italy, Germany, Netherlands, Belgium, France, Spain
Spain, France, Monaco, Italy, Vatican City (Holy See)
TC1 executed successfully
]]></system-out>
    <system-err><![CDATA[[main] INFO io.github.bonigarcia.wdm.WebDriverManager - Using chromedriver 110.0.5481.77 (resolved driver for Chrome 110)
[main] INFO io.github.bonigarcia.wdm.WebDriverManager - Reading https://chromedriver.storage.googleapis.com/ to seek chromedriver
[main] INFO io.github.bonigarcia.wdm.online.Downloader - Downloading https://chromedriver.storage.googleapis.com/110.0.5481.77/chromedriver_mac64.zip
[main] INFO io.github.bonigarcia.wdm.online.Downloader - Extracting driver from compressed file chromedriver_mac64.zip
[main] INFO io.github.bonigarcia.wdm.WebDriverManager - Exporting webdriver.chrome.driver as /Users/mohitgulati/.cache/selenium/chromedriver/mac64/110.0.5481.77/chromedriver
Starting ChromeDriver 110.0.5481.77 (65ed616c6e8ee3fe0ad64fe83796c020644d42af-refs/branch-heads/5481@{#839}) on port 12257
Only local connections are allowed.
Please see https://chromedriver.chromium.org/security-considerations for suggestions on keeping ChromeDriver safe.
ChromeDriver was started successfully.
[1676582783.118][WARNING]: virtual void DevToolsClientImpl::AddListener(DevToolsEventListener *) subscribing a listener to the already connected DevToolsClient. Connection notification will not arrive.
Feb 16, 2023 10:26:23 PM org.openqa.selenium.devtools.CdpVersionFinder findNearestMatch
WARNING: Unable to find an exact match for CDP version 110, so returning the closest version found: 108
]]></system-err>
  </testcase>
  <testcase name="TC2" classname="regressionTestcases.UI_TC2_Sorting" time="14.593">
    <system-out><![CDATA[3 filters applied
Departs in March 2023
no of tours is 14
max tour length should be 10
8
8
9
9
9
9
10
10
10
10
10
10
10
10
no of tours is 14
max tour length should be 10
8
8
9
9
9
9
10
10
10
10
10
10
10
10
no of tours is 14
Italy, Switzerland, France, England
England, France, Switzerland, Italy, Vatican City (Holy See)
Spain, France, Switzerland, Italy
England, France, Netherlands, Germany, Austria, Italy, Switzerland
Spain, France, Monaco, Italy, Vatican City (Holy See)
Paris, Rome
Italy, Austria, Germany, Netherlands, Belgium, France, Switzerland
England, France, Switzerland, Italy, Vatican City (Holy See)
Italy, Vatican City (Holy See), Switzerland, France, England
Italy, Switzerland, France
Italy, Switzerland, France, England
Italy, Switzerland, France
Italy, Switzerland, Germany, Luxembourg, France, Belgium, Netherlands
Italy, Germany, Netherlands, Belgium, France, Spain
no of tours is 14
8
8
9
9
9
9
10
10
10
10
10
10
10
Departs in March 2023
no of tours is 14
max tour length should be 10
8
8
9
9
9
9
10
10
10
10
10
10
10
10
no of tours is 14
max tour length should be 10
8
8
9
9
9
9
10
10
10
10
10
10
10
10
no of tours is 10
145
31
14
14
9
6
3
3
2
no of tours is 10
145
31
14
14
9
6
3
3
2
TC2 executed successfully
]]></system-out>
    <system-err><![CDATA[[main] INFO io.github.bonigarcia.wdm.WebDriverManager - Using chromedriver 110.0.5481.77 (resolved driver for Chrome 110)
[main] INFO io.github.bonigarcia.wdm.WebDriverManager - Exporting webdriver.chrome.driver as /Users/mohitgulati/.cache/selenium/chromedriver/mac64/110.0.5481.77/chromedriver
Starting ChromeDriver 110.0.5481.77 (65ed616c6e8ee3fe0ad64fe83796c020644d42af-refs/branch-heads/5481@{#839}) on port 7276
Only local connections are allowed.
Please see https://chromedriver.chromium.org/security-considerations for suggestions on keeping ChromeDriver safe.
ChromeDriver was started successfully.
[1676582809.822][WARNING]: virtual void DevToolsClientImpl::AddListener(DevToolsEventListener *) subscribing a listener to the already connected DevToolsClient. Connection notification will not arrive.
Feb 16, 2023 10:26:50 PM org.openqa.selenium.devtools.CdpVersionFinder findNearestMatch
WARNING: Unable to find an exact match for CDP version 110, so returning the closest version found: 108
]]></system-err>
  </testcase>
  <testcase name="TC3" classname="regressionTestcases.UI_TC3_CTA_Download" time="15.028">
    <system-out><![CDATA[3 filters applied
Download Brochure
We’ve sent the ‘Spain, Switzerland and Rome’ brochure to test123@abc.com. Check your inbox!
TC3 executed successfully
]]></system-out>
    <system-err><![CDATA[[main] INFO io.github.bonigarcia.wdm.WebDriverManager - Using chromedriver 110.0.5481.77 (resolved driver for Chrome 110)
[main] INFO io.github.bonigarcia.wdm.WebDriverManager - Exporting webdriver.chrome.driver as /Users/mohitgulati/.cache/selenium/chromedriver/mac64/110.0.5481.77/chromedriver
Starting ChromeDriver 110.0.5481.77 (65ed616c6e8ee3fe0ad64fe83796c020644d42af-refs/branch-heads/5481@{#839}) on port 26479
Only local connections are allowed.
Please see https://chromedriver.chromium.org/security-considerations for suggestions on keeping ChromeDriver safe.
ChromeDriver was started successfully.
[1676582838.725][WARNING]: virtual void DevToolsClientImpl::AddListener(DevToolsEventListener *) subscribing a listener to the already connected DevToolsClient. Connection notification will not arrive.
Feb 16, 2023 10:27:18 PM org.openqa.selenium.devtools.CdpVersionFinder findNearestMatch
WARNING: Unable to find an exact match for CDP version 110, so returning the closest version found: 108
]]></system-err>
  </testcase>
</testsuite>