<?xml version="1.0" encoding="UTF-8"?>
<!-- Generated by org.testng.reporters.JUnitReportReporter -->
<testsuite hostname="Mohits-Air.fritz.box" failures="0" tests="1" name="regressionTestcases.UI_Registration_TC1" time="0.148" errors="0" timestamp="2023-02-13T11:56:01 CET" skipped="0">
  <testcase classname="regressionTestcases.UI_Registration_TC1" name="TC1" time="0.148"/>
  <system-out/>
</testsuite> <!-- regressionTestcases.UI_Registration_TC1 -->
