<?xml version="1.0" encoding="UTF-8"?>
<!-- Generated by org.testng.reporters.JUnitReportReporter -->
<testsuite hostname="Mohits-Air.fritz.box" failures="0" tests="1" name="regression.UI_Registration_TC1" time="2.584" errors="0" timestamp="2023-01-12T20:55:45 CET" skipped="0">
  <testcase classname="regression.UI_Registration_TC1" name="TC1" time="2.584"/>
  <system-out/>
</testsuite> <!-- regression.UI_Registration_TC1 -->
