<?xml version="1.0" encoding="UTF-8"?>
<!-- Generated by org.testng.reporters.JUnitReportReporter -->
<testsuite hostname="Mohits-MacBook-Air.local" failures="0" tests="1" name="regression.UI_Registration_TC2" time="4.000" errors="0" timestamp="2023-01-11T13:17:02 CET" skipped="0">
  <testcase classname="regression.UI_Registration_TC2" name="TC2" time="4.000"/>
  <system-out/>
</testsuite> <!-- regression.UI_Registration_TC2 -->
