<?xml version="1.0" encoding="UTF-8"?>
<!-- Generated by org.testng.reporters.JUnitReportReporter -->
<testsuite hostname="Mohits-Air.fritz.box" failures="0" tests="1" name="regressionTestcases.UI_Sort_TC2" time="10.026" errors="0" timestamp="2023-02-15T10:31:24 CET" skipped="0">
  <testcase classname="regressionTestcases.UI_Sort_TC2" name="TC2" time="10.026"/>
  <system-out/>
</testsuite> <!-- regressionTestcases.UI_Sort_TC2 -->
