<?xml version="1.0" encoding="UTF-8"?>
<!-- Generated by org.testng.reporters.JUnitReportReporter -->
<testsuite hostname="DESKTOP-QRU4BCC" failures="0" tests="1" name="proj.auto.TC_001" time="156.374" errors="0" timestamp="06 Dec 2021 12:15:10 GMT" skipped="0">
  <testcase classname="proj.auto.TC_001" name="endtoendTC" time="156.374"/>
</testsuite> <!-- proj.auto.TC_001 -->
