<?xml version="1.0" encoding="UTF-8"?>
<!-- Generated by org.testng.reporters.JUnitReportReporter -->
<testsuite hostname="Mohits-Air.fritz.box" failures="0" tests="1" name="regressionTestcases.UI_Registration_TC2" time="3.590" errors="0" timestamp="2023-01-13T00:41:20 CET" skipped="0">
  <testcase classname="regressionTestcases.UI_Registration_TC2" name="TC2" time="3.590"/>
  <system-out/>
</testsuite> <!-- regressionTestcases.UI_Registration_TC2 -->
