<?xml version="1.0" encoding="UTF-8"?>
<!-- Generated by org.testng.reporters.JUnitReportReporter -->
<testsuite hostname="Mohits-Air.fritz.box" failures="0" tests="1" name="regression.UI_TC1" time="28.427" errors="0" timestamp="2022-12-17T11:15:59 CET" skipped="0">
  <testcase classname="regression.UI_TC1" name="TC1" time="28.427"/>
  <system-out/>
</testsuite> <!-- regression.UI_TC1 -->
