<?xml version="1.0" encoding="UTF-8"?>
<!-- Generated by org.testng.reporters.JUnitReportReporter -->
<testsuite hostname="Mohits-Air.fritz.box" failures="0" tests="1" name="regression.UI_E2E_TC2" time="25.646" errors="0" timestamp="2023-01-05T13:42:19 CET" skipped="0">
  <testcase classname="regression.UI_E2E_TC2" name="TC2" time="25.646"/>
  <system-out/>
</testsuite> <!-- regression.UI_E2E_TC2 -->
