<?xml version="1.0" encoding="UTF-8"?>
<!-- Generated by org.testng.reporters.JUnitReportReporter -->
<testsuite hostname="Mohits-Air.fritz.box" failures="0" tests="1" name="regressionTestcases.UI_TC1_Filters" time="11.413" errors="0" timestamp="2023-02-16T22:27:44 CET" skipped="0">
  <testcase classname="regressionTestcases.UI_TC1_Filters" name="TC1" time="11.413"/>
  <system-out/>
</testsuite> <!-- regressionTestcases.UI_TC1_Filters -->
